<?xml version="1.0" encoding="UTF-8"?>
<testsuite xmlns:xsi="http://www.w3.org/2001/XMLSchema-instance" xsi:noNamespaceSchemaLocation="https://maven.apache.org/surefire/maven-surefire-plugin/xsd/surefire-test-report.xsd" version="3.0.2" name="com.desafio.url_shortener.UrlMappingCorsTests" time="2.024" tests="3" errors="0" skipped="0" failures="0" flakes="0">
  <properties>
[...]
</properties>
  <testcase name="allowsFrontendPreflight" classname="com.desafio.url_shortener.UrlMappingCorsTests" time="0.248">
    <system-out><![CDATA[13:08:40.619 [main] INFO org.springframework.test.context.support.AnnotationConfigContextLoaderUtils -- Could not detect default configuration classes for test class [com.desafio.url_shortener.UrlMappingCorsTests]: UrlMappingCorsTests does not declare any static, non-private, non-final, nested classes annotated with @Configuration.
13:08:40.680 [main] INFO org.springframework.boot.test.context.SpringBootTestContextBootstrapper -- Found @SpringBootConfiguration com.desafio.url_shortener.UrlShortenerApplication for test class com.desafio.url_shortener.UrlMappingCorsTests
13:08:40.721 [main] INFO org.springframework.test.context.support.AnnotationConfigContextLoaderUtils -- Could not detect default configuration classes for test class [com.desafio.url_shortener.UrlMappingCorsTests]: UrlMappingCorsTests does not declare any static, non-private, non-final, nested classes annotated with @Configuration.
13:08:40.723 [main] INFO org.springframework.boot.test.context.SpringBootTestContextBootstrapper -- Found @SpringBootConfiguration com.desafio.url_shortener.UrlShortenerApplication for test class com.desafio.url_shortener.UrlMappingCorsTests

  .   ____          _            __ _ _
 /\\ / ___'_ __ _ _(_)_ __  __ _ \ \ \ \
( ( )\___ | '_ | '_| | '_ \/ _` | \ \ \ \
 \\/  ___)| |_)| | | | | || (_| |  ) ) ) )
  '  |____| .__|_| |_|_| |_\__, | / / / /
 =========|_|==============|___/=/_/_/_/

 :: Spring Boot ::                (v4.1.1)

2026-09-15T13:08:40.854-03:00  INFO 11909 --- [url-shortener] [           main] c.d.url_shortener.UrlMappingCorsTests    : Starting UrlMappingCorsTests using Java 25.0.4.1 with PID 11909 (started by lucasdecamposranzani in /Users/lucasdecamposranzani/Developer/Projetos/shortner-url-angular/backend)
2026-09-15T13:08:40.855-03:00  INFO 11909 --- [url-shortener] [           main] c.d.url_shortener.UrlMappingCorsTests    : No active profile set, falling back to 1 default profile: "default"
2026-09-15T13:08:41.095-03:00  INFO 11909 --- [url-shortener] [           main] .s.d.r.c.RepositoryConfigurationDelegate : Bootstrapping Spring Data JPA repositories in DEFAULT mode.
2026-09-15T13:08:41.116-03:00  INFO 11909 --- [url-shortener] [           main] .s.d.r.c.RepositoryConfigurationDelegate : Finished Spring Data repository scanning in 17 ms. Found 1 JPA repository interface.
2026-09-15T13:08:41.266-03:00  INFO 11909 --- [url-shortener] [           main] org.hibernate.orm.jpa                    : HHH008540: Processing PersistenceUnitInfo [name: default]
2026-09-15T13:08:41.289-03:00  INFO 11909 --- [url-shortener] [           main] org.hibernate.orm.core                   : HHH000001: Hibernate ORM core version 7.4.5.Final
2026-09-15T13:08:41.457-03:00  INFO 11909 --- [url-shortener] [           main] o.s.o.j.p.SpringPersistenceUnitInfo      : No LoadTimeWeaver setup: ignoring JPA class transformer
2026-09-15T13:08:41.468-03:00  INFO 11909 --- [url-shortener] [           main] com.zaxxer.hikari.HikariDataSource       : HikariPool-1 - Starting...
2026-09-15T13:08:41.526-03:00  INFO 11909 --- [url-shortener] [           main] com.zaxxer.hikari.pool.HikariPool        : HikariPool-1 - Added connection conn0: url=jdbc:h2:mem:testdb user=SA
2026-09-15T13:08:41.527-03:00  INFO 11909 --- [url-shortener] [           main] com.zaxxer.hikari.HikariDataSource       : HikariPool-1 - Start completed.
2026-09-15T13:08:41.537-03:00  WARN 11909 --- [url-shortener] [           main] org.hibernate.orm.deprecation            : HHH90000025: H2Dialect does not need to be specified explicitly using 'hibernate.dialect' (remove the property setting and it will be selected by default)
2026-09-15T13:08:41.545-03:00  INFO 11909 --- [url-shortener] [           main] org.hibernate.orm.connections.pooling    : HHH10001005: Database info:
	Database JDBC URL [jdbc:h2:mem:testdb]
	Database driver: H2 JDBC Driver
	Database dialect: H2Dialect
	Database version: 2.4.240
	Default catalog/schema: TESTDB/PUBLIC
	Autocommit mode: undefined/unknown
	Isolation level: READ_COMMITTED [default READ_COMMITTED]
	JDBC fetch size: 100
	Pool: DataSourceConnectionProvider
	Minimum pool size: undefined/unknown
	Maximum pool size: undefined/unknown
2026-09-15T13:08:41.817-03:00  INFO 11909 --- [url-shortener] [           main] org.hibernate.orm.core                   : HHH000489: No JTA platform available (set 'hibernate.transaction.jta.platform' to enable JTA platform integration)
Hibernate: create table url_mapping (id bigint generated by default as identity, created_at timestamp(6), expires_at timestamp(6), original_url varchar(255), short_code varchar(255), primary key (id))
Hibernate: alter table if exists url_mapping drop constraint if exists UKvu6b9jvlpylq7xur9v1q19sb
Hibernate: alter table if exists url_mapping add constraint UKvu6b9jvlpylq7xur9v1q19sb unique (short_code)
2026-09-15T13:08:41.844-03:00  INFO 11909 --- [url-shortener] [           main] j.LocalContainerEntityManagerFactoryBean : Initialized JPA EntityManagerFactory for persistence unit 'default'
2026-09-15T13:08:41.882-03:00  INFO 11909 --- [url-shortener] [           main] o.s.d.j.r.query.QueryEnhancerFactories   : Hibernate is in classpath; If applicable, HQL parser will be used.
2026-09-15T13:08:41.965-03:00  WARN 11909 --- [url-shortener] [           main] JpaBaseConfiguration$JpaWebConfiguration : spring.jpa.open-in-view is enabled by default. Therefore, database queries may be performed during view rendering. Explicitly configure spring.jpa.open-in-view to disable this warning
2026-09-15T13:08:42.096-03:00  INFO 11909 --- [url-shortener] [           main] o.s.b.h.a.H2ConsoleAutoConfiguration     : H2 console available at '/h2-console'. Database available at 'jdbc:h2:mem:testdb'
2026-09-15T13:08:42.125-03:00  INFO 11909 --- [url-shortener] [           main] c.d.url_shortener.UrlMappingCorsTests    : Started UrlMappingCorsTests in 1.37 seconds (process running for 1.869)
2026-09-15T13:08:42.356-03:00  INFO 11909 --- [url-shortener] [           main] o.s.b.t.m.w.SpringBootMockServletContext : Initializing Spring TestDispatcherServlet ''
2026-09-15T13:08:42.356-03:00  INFO 11909 --- [url-shortener] [           main] o.s.t.web.servlet.TestDispatcherServlet  : Initializing Servlet ''
2026-09-15T13:08:42.358-03:00  INFO 11909 --- [url-shortener] [           main] o.s.t.web.servlet.TestDispatcherServlet  : Completed initialization in 0 ms
]]></system-out>
    <system-err><![CDATA[Mockito is currently self-attaching to enable the inline-mock-maker. This will no longer work in future releases of the JDK. Please add Mockito as an agent to your build as described in Mockito's documentation: https://javadoc.io/doc/org.mockito/mockito-core/latest/org.mockito/org/mockito/Mockito.html#0.3
WARNING: A Java agent has been loaded dynamically (/Users/lucasdecamposranzani/.m2/repository/net/bytebuddy/byte-buddy-agent/1.18.11/byte-buddy-agent-1.18.11.jar)
WARNING: If a serviceability tool is in use, please run with -XX:+EnableDynamicAgentLoading to hide this warning
WARNING: If a serviceability tool is not in use, please run with -Djdk.instrument.traceUsage for more information
WARNING: Dynamic loading of agents will be disallowed by default in a future release
]]></system-err>
  </testcase>
  <testcase name="allowsFrontendToReadCreatedResponse" classname="com.desafio.url_shortener.UrlMappingCorsTests" time="0.183">
    <system-out><![CDATA[2026-09-15T13:08:42.379-03:00  INFO 11909 --- [url-shortener] [           main] o.s.b.t.m.w.SpringBootMockServletContext : Initializing Spring TestDispatcherServlet ''
2026-09-15T13:08:42.380-03:00  INFO 11909 --- [url-shortener] [           main] o.s.t.web.servlet.TestDispatcherServlet  : Initializing Servlet ''
2026-09-15T13:08:42.380-03:00  INFO 11909 --- [url-shortener] [           main] o.s.t.web.servlet.TestDispatcherServlet  : Completed initialization in 0 ms
Hibernate: select um1_0.id from url_mapping um1_0 where um1_0.short_code=? fetch first ? rows only
Hibernate: insert into url_mapping (created_at,expires_at,original_url,short_code,id) values (?,?,?,?,default)
]]></system-out>
  </testcase>
  <testcase name="rejectsUnconfiguredOrigin" classname="com.desafio.url_shortener.UrlMappingCorsTests" time="0.004">
    <system-out><![CDATA[2026-09-15T13:08:42.565-03:00  INFO 11909 --- [url-shortener] [           main] o.s.b.t.m.w.SpringBootMockServletContext : Initializing Spring TestDispatcherServlet ''
2026-09-15T13:08:42.565-03:00  INFO 11909 --- [url-shortener] [           main] o.s.t.web.servlet.TestDispatcherServlet  : Initializing Servlet ''
2026-09-15T13:08:42.566-03:00  INFO 11909 --- [url-shortener] [           main] o.s.t.web.servlet.TestDispatcherServlet  : Completed initialization in 1 ms
]]></system-out>
  </testcase>
</testsuite>